May 18, 2024 02:00:31.041 [140060530420480] INFO - Plex Media Scanner v1.40.1.8227-c0dd5a73e - Docker Docker Container (LinuxServer.io) x86_64 - build: linux-x86_64 - GMT 00:00
May 18, 2024 02:00:31.041 [140060530420480] INFO - Linux version: 5.19.5-051905-generic, language: en-US
May 18, 2024 02:00:31.041 [140060530420480] INFO - Processor: 8-core 11th Gen Intel(R) Core(TM) i7-1165G7 @ 2.80GHz
May 18, 2024 02:00:31.041 [140060530420480] INFO - /usr/lib/plexmediaserver/Plex Media Scanner --analyze-deeply --item 7668 --log-file-suffix  Deep Analysis
May 18, 2024 02:00:31.042 [140060530920256] DEBUG - Opening 20 database sessions to library (com.plexapp.plugins.library), SQLite 3.39.4, threadsafe=1
May 18, 2024 02:00:31.097 [140060530920256] DEBUG - [MI] Opening input file: "/plexternal/series/17otGAxWmQZ4KhzY0fKaIZ2M0oqSEQdHX/Kami wa Game ni Ueteiru/Kami wa Game ni Ueteiru - 04.mkv"
May 18, 2024 02:00:31.097 [140060530920256] DEBUG - [FFMPEG] - Opening '/plexternal/series/17otGAxWmQZ4KhzY0fKaIZ2M0oqSEQdHX/Kami wa Game ni Ueteiru/Kami wa Game ni Ueteiru - 04.mkv' for reading
May 18, 2024 02:00:31.097 [140060530920256] DEBUG - [FFMPEG] - Setting default whitelist 'file,crypto,data'
May 18, 2024 02:00:31.098 [140060530920256] DEBUG - [FFMPEG] - Format matroska,webm probed with size=2048 and score=100
May 18, 2024 02:00:31.098 [140060530920256] DEBUG - [FFMPEG] - Unknown entry 0x22B59D at pos. 6794
May 18, 2024 02:00:31.098 [140060530920256] DEBUG - [FFMPEG] - Unknown entry 0x22B59D at pos. 6895
May 18, 2024 02:00:31.098 [140060530920256] DEBUG - [FFMPEG] - Unknown entry 0x22B59D at pos. 6975
May 18, 2024 02:00:31.098 [140060530920256] DEBUG - [FFMPEG] - Unknown entry 0x22B59D at pos. 8585
May 18, 2024 02:00:31.098 [140060530920256] DEBUG - [FFMPEG] - Unknown entry 0x22B59D at pos. 9692
May 18, 2024 02:00:31.107 [140060530920256] DEBUG - [FFMPEG] - Unknown entry 0x437D at pos. 6921574
May 18, 2024 02:00:31.107 [140060530920256] DEBUG - [FFMPEG] - Unknown entry 0x437D at pos. 6921623
May 18, 2024 02:00:31.107 [140060530920256] DEBUG - [FFMPEG] - Unknown entry 0x437D at pos. 6921672
May 18, 2024 02:00:31.107 [140060530920256] DEBUG - [FFMPEG] - Unknown entry 0x437D at pos. 6921721
May 18, 2024 02:00:31.107 [140060530920256] DEBUG - [FFMPEG] - st:0 removing common factor 1000000 from timebase
May 18, 2024 02:00:31.107 [140060530920256] DEBUG - [FFMPEG] - st:1 removing common factor 1000000 from timebase
May 18, 2024 02:00:31.107 [140060530920256] DEBUG - [FFMPEG] - st:2 removing common factor 1000000 from timebase
May 18, 2024 02:00:31.107 [140060530920256] DEBUG - [FFMPEG] - st:3 removing common factor 1000000 from timebase
May 18, 2024 02:00:31.107 [140060530920256] DEBUG - [FFMPEG] - st:4 removing common factor 1000000 from timebase
May 18, 2024 02:00:31.112 [140060530920256] DEBUG - [FFMPEG] - Before avformat_find_stream_info() pos: 6921833 bytes read:6955953 seeks:2 nb_streams:21
May 18, 2024 02:00:31.112 [140060530920256] DEBUG - [FFMPEG] - nal_unit_type: 32(VPS), nuh_layer_id: 0, temporal_id: 0
May 18, 2024 02:00:31.112 [140060530920256] DEBUG - [FFMPEG] - Decoding VPS
May 18, 2024 02:00:31.112 [140060530920256] DEBUG - [FFMPEG] - Main 10 profile bitstream
May 18, 2024 02:00:31.112 [140060530920256] DEBUG - [FFMPEG] - nal_unit_type: 33(SPS), nuh_layer_id: 0, temporal_id: 0
May 18, 2024 02:00:31.112 [140060530920256] DEBUG - [FFMPEG] - Decoding SPS
May 18, 2024 02:00:31.112 [140060530920256] DEBUG - [FFMPEG] - Main 10 profile bitstream
May 18, 2024 02:00:31.112 [140060530920256] DEBUG - [FFMPEG] - Decoding VUI
May 18, 2024 02:00:31.112 [140060530920256] DEBUG - [FFMPEG] - nal_unit_type: 34(PPS), nuh_layer_id: 0, temporal_id: 0
May 18, 2024 02:00:31.112 [140060530920256] DEBUG - [FFMPEG] - Decoding PPS
May 18, 2024 02:00:31.112 [140060530920256] DEBUG - [FFMPEG] - nal_unit_type: 39(SEI_PREFIX), nuh_layer_id: 0, temporal_id: 0
May 18, 2024 02:00:31.112 [140060530920256] DEBUG - [FFMPEG] - Decoding SEI
May 18, 2024 02:00:31.117 [140060530920256] DEBUG - [FFMPEG] - All info found
May 18, 2024 02:00:31.119 [140060530920256] DEBUG - [FFMPEG] - After avformat_find_stream_info() pos: 7459114 bytes read:7523027 seeks:2 frames:35
May 18, 2024 02:00:31.215 [140060530920256] DEBUG - Deep Analysis: Read 10000 packets at 90.549000
May 18, 2024 02:00:31.299 [140060530920256] DEBUG - Deep Analysis: Read 20000 packets at 181.484000
May 18, 2024 02:00:31.362 [140060530920256] DEBUG - Deep Analysis: Read 30000 packets at 271.974000
May 18, 2024 02:00:31.449 [140060530920256] DEBUG - Deep Analysis: Read 40000 packets at 362.625000
May 18, 2024 02:00:31.551 [140060530920256] DEBUG - Deep Analysis: Read 50000 packets at 453.183000
May 18, 2024 02:00:31.613 [140060530920256] DEBUG - Deep Analysis: Read 60000 packets at 543.695000
May 18, 2024 02:00:31.679 [140060530920256] DEBUG - Deep Analysis: Read 70000 packets at 634.344000
May 18, 2024 02:00:31.744 [140060530920256] DEBUG - Deep Analysis: Read 80000 packets at 724.971000
May 18, 2024 02:00:31.793 [140060530920256] DEBUG - Deep Analysis: Read 90000 packets at 815.391000
May 18, 2024 02:00:31.852 [140060530920256] DEBUG - Deep Analysis: Read 100000 packets at 906.064000
May 18, 2024 02:00:31.916 [140060530920256] DEBUG - Deep Analysis: Read 110000 packets at 996.738000
May 18, 2024 02:00:31.997 [140060530920256] DEBUG - Deep Analysis: Read 120000 packets at 1087.388000
May 18, 2024 02:00:32.089 [140060530920256] DEBUG - Deep Analysis: Read 130000 packets at 1177.677000
May 18, 2024 02:00:32.167 [140060530920256] DEBUG - Deep Analysis: Read 140000 packets at 1268.622000
May 18, 2024 02:00:32.225 [140060530920256] DEBUG - Deep Analysis: Read 150000 packets at 1359.203000
May 18, 2024 02:00:32.254 [140060530920256] DEBUG - Deep Analysis: Sorting packets
May 18, 2024 02:00:32.258 [140060530920256] DEBUG - Deep Analysis: Performing file bitrate analysis
May 18, 2024 02:00:32.271 [140060530920256] DEBUG - Deep Analysis: Performing stream bitrate analysis on stream 0
May 18, 2024 02:00:32.276 [140060530920256] DEBUG - Deep Analysis: Performing stream bitrate analysis on stream 1
May 18, 2024 02:00:32.278 [140060530920256] DEBUG - Deep Analysis: Performing stream bitrate analysis on stream 2
May 18, 2024 02:00:32.280 [140060530920256] DEBUG - Deep Analysis: Performing stream bitrate analysis on stream 3
May 18, 2024 02:00:32.280 [140060530920256] DEBUG - Deep Analysis: Performing stream bitrate analysis on stream 4
May 18, 2024 02:00:32.280 [140060530920256] DEBUG - Deep Analysis: Performing stream bitrate analysis on stream 5
May 18, 2024 02:00:32.280 [140060530920256] DEBUG - Deep Analysis: Performing stream bitrate analysis on stream 6
May 18, 2024 02:00:32.280 [140060530920256] DEBUG - Deep Analysis: Performing stream bitrate analysis on stream 7
May 18, 2024 02:00:32.280 [140060530920256] DEBUG - Deep Analysis: Performing stream bitrate analysis on stream 8
May 18, 2024 02:00:32.280 [140060530920256] DEBUG - Deep Analysis: Performing stream bitrate analysis on stream 9
May 18, 2024 02:00:32.280 [140060530920256] DEBUG - Deep Analysis: Performing stream bitrate analysis on stream 10
May 18, 2024 02:00:32.280 [140060530920256] DEBUG - Deep Analysis: Performing stream bitrate analysis on stream 11
May 18, 2024 02:00:32.280 [140060530920256] DEBUG - Deep Analysis: Performing stream bitrate analysis on stream 12
May 18, 2024 02:00:32.281 [140060530920256] DEBUG - Deep Analysis: Performing stream bitrate analysis on stream 13
May 18, 2024 02:00:32.281 [140060530920256] DEBUG - Deep Analysis: Performing stream bitrate analysis on stream 14
May 18, 2024 02:00:32.281 [140060530920256] DEBUG - Deep Analysis: Performing stream bitrate analysis on stream 15
May 18, 2024 02:00:32.281 [140060530920256] DEBUG - Deep Analysis: Performing stream bitrate analysis on stream 16
May 18, 2024 02:00:32.281 [140060530920256] DEBUG - Deep Analysis: Performing stream bitrate analysis on stream 17
May 18, 2024 02:00:32.281 [140060530920256] DEBUG - Deep Analysis: Performing stream bitrate analysis on stream 18
May 18, 2024 02:00:32.281 [140060530920256] DEBUG - Deep Analysis: Performing stream bitrate analysis on stream 19
May 18, 2024 02:00:32.281 [140060530920256] DEBUG - Deep Analysis: Performing stream bitrate analysis on stream 20
May 18, 2024 02:00:32.281 [140060530920256] DEBUG - Deep Analysis: Saving GoP analysis for stream 0
May 18, 2024 02:00:32.282 [140060530920256] DEBUG - Deep Analysis: Saving bitrate analysis
May 18, 2024 02:00:32.282 [140060530920256] DEBUG - Updating part with ID=8708 [/plexternal/series/17otGAxWmQZ4KhzY0fKaIZ2M0oqSEQdHX/Kami wa Game ni Ueteiru/Kami wa Game ni Ueteiru - 04.mkv]
May 18, 2024 02:00:32.283 [140060530920256] DEBUG - [MI] Closing input file: "/plexternal/series/17otGAxWmQZ4KhzY0fKaIZ2M0oqSEQdHX/Kami wa Game ni Ueteiru/Kami wa Game ni Ueteiru - 04.mkv"
May 18, 2024 02:00:32.284 [140060530920256] DEBUG - Updating media item 8355, size=774527800, metadata_item_id=7668
May 18, 2024 02:00:32.284 [140060530920256] DEBUG - Updating part with ID=8708 [/plexternal/series/17otGAxWmQZ4KhzY0fKaIZ2M0oqSEQdHX/Kami wa Game ni Ueteiru/Kami wa Game ni Ueteiru - 04.mkv]
May 18, 2024 02:00:32.284 [140060530920256] DEBUG - Updating media item 8625, size=774527800, metadata_item_id=7668
May 18, 2024 02:00:32.284 [140060530920256] DEBUG - Updating part with ID=8982 [/plexternal/series/1vLyVsL6Hokhin_6Bme_DncS_Hi1tG_1i/[Ripcrabbyanime] Gods’ Game We Play Dual Audio/Kami wa Game ni Ueteiru - 04.mkv]
