May 18, 2024 06:16:56.402 [140663084280576] INFO - Plex Media Scanner v1.40.2.8395-c67dce28e - Docker Docker Container (LinuxServer.io) x86_64 - build: linux-x86_64 - GMT 00:00
May 18, 2024 06:16:56.402 [140663084280576] INFO - Linux version: 5.19.5-051905-generic, language: en-US
May 18, 2024 06:16:56.402 [140663084280576] INFO - Processor: 8-core 11th Gen Intel(R) Core(TM) i7-1165G7 @ 2.80GHz
May 18, 2024 06:16:56.402 [140663084280576] INFO - /usr/lib/plexmediaserver/Plex Media Scanner -C -f /plexternal/series/1ucraurejSAFhXWdXuLUcm8ALTZ95SZi2/Tensei shitara Slime Datta Ken S03/[Kayoanime]Tensei shitara Slime Datta Ken S03E00.mkv --log-file-suffix  Credits --creditsTempDataPath /tmp/PlexCreditsDetection-43a5fed2-2f6e-47c3-ab2e-5693442c3dee
May 18, 2024 06:16:56.403 [140663084809984] DEBUG - Opening 20 database sessions to library (com.plexapp.plugins.library), SQLite 3.39.4, threadsafe=1
May 18, 2024 06:16:56.480 [140663084809984] DEBUG - [ID -1] Media part analysis: /plexternal/series/1ucraurejSAFhXWdXuLUcm8ALTZ95SZi2/Tensei shitara Slime Datta Ken S03/[Kayoanime]Tensei shitara Slime Datta Ken S03E00.mkv
May 18, 2024 06:16:56.480 [140663084809984] DEBUG - [MI] Opening input file: "/plexternal/series/1ucraurejSAFhXWdXuLUcm8ALTZ95SZi2/Tensei shitara Slime Datta Ken S03/[Kayoanime]Tensei shitara Slime Datta Ken S03E00.mkv"
May 18, 2024 06:16:56.481 [140663084809984] DEBUG - [FFMPEG] - Opening '/plexternal/series/1ucraurejSAFhXWdXuLUcm8ALTZ95SZi2/Tensei shitara Slime Datta Ken S03/[Kayoanime]Tensei shitara Slime Datta Ken S03E00.mkv' for reading
May 18, 2024 06:16:56.481 [140663084809984] DEBUG - [FFMPEG] - Setting default whitelist 'file,crypto,data'
May 18, 2024 06:16:56.481 [140663084809984] DEBUG - [FFMPEG] - Format matroska,webm probed with size=2048 and score=100
May 18, 2024 06:16:56.481 [140663084809984] DEBUG - [FFMPEG] - Unknown entry 0x22B59D at pos. 6795
May 18, 2024 06:16:56.481 [140663084809984] DEBUG - [FFMPEG] - Unknown entry 0x22B59D at pos. 6896
May 18, 2024 06:16:56.481 [140663084809984] DEBUG - [FFMPEG] - Unknown entry 0x22B59D at pos. 6976
May 18, 2024 06:16:56.481 [140663084809984] DEBUG - [FFMPEG] - Unknown entry 0x22B59D at pos. 18420
May 18, 2024 06:16:56.481 [140663084809984] DEBUG - [FFMPEG] - Unknown entry 0x22B59D at pos. 30247
May 18, 2024 06:16:56.492 [140663084809984] DEBUG - [FFMPEG] - Unknown entry 0x437D at pos. 7295202
May 18, 2024 06:16:56.492 [140663084809984] DEBUG - [FFMPEG] - Unknown entry 0x437D at pos. 7295251
May 18, 2024 06:16:56.492 [140663084809984] DEBUG - [FFMPEG] - Unknown entry 0x437D at pos. 7295300
May 18, 2024 06:16:56.492 [140663084809984] DEBUG - [FFMPEG] - Unknown entry 0x437D at pos. 7295349
May 18, 2024 06:16:56.492 [140663084809984] DEBUG - [FFMPEG] - Unknown entry 0x437D at pos. 7295400
May 18, 2024 06:16:56.492 [140663084809984] DEBUG - [FFMPEG] - st:0 removing common factor 1000000 from timebase
May 18, 2024 06:16:56.492 [140663084809984] DEBUG - [FFMPEG] - st:1 removing common factor 1000000 from timebase
May 18, 2024 06:16:56.492 [140663084809984] DEBUG - [FFMPEG] - st:2 removing common factor 1000000 from timebase
May 18, 2024 06:16:56.492 [140663084809984] DEBUG - [FFMPEG] - st:3 removing common factor 1000000 from timebase
May 18, 2024 06:16:56.492 [140663084809984] DEBUG - [FFMPEG] - st:4 removing common factor 1000000 from timebase
May 18, 2024 06:16:56.499 [140663084809984] DEBUG - [FFMPEG] - Before avformat_find_stream_info() pos: 7295512 bytes read:7329579 seeks:2 nb_streams:22
May 18, 2024 06:16:56.499 [140663084809984] DEBUG - [FFMPEG] - nal_unit_type: 32(VPS), nuh_layer_id: 0, temporal_id: 0
May 18, 2024 06:16:56.499 [140663084809984] DEBUG - [FFMPEG] - Decoding VPS
May 18, 2024 06:16:56.499 [140663084809984] DEBUG - [FFMPEG] - Main 10 profile bitstream
May 18, 2024 06:16:56.499 [140663084809984] DEBUG - [FFMPEG] - nal_unit_type: 33(SPS), nuh_layer_id: 0, temporal_id: 0
May 18, 2024 06:16:56.499 [140663084809984] DEBUG - [FFMPEG] - Decoding SPS
May 18, 2024 06:16:56.499 [140663084809984] DEBUG - [FFMPEG] - Main 10 profile bitstream
May 18, 2024 06:16:56.499 [140663084809984] DEBUG - [FFMPEG] - Decoding VUI
May 18, 2024 06:16:56.499 [140663084809984] DEBUG - [FFMPEG] - nal_unit_type: 34(PPS), nuh_layer_id: 0, temporal_id: 0
May 18, 2024 06:16:56.499 [140663084809984] DEBUG - [FFMPEG] - Decoding PPS
May 18, 2024 06:16:56.499 [140663084809984] DEBUG - [FFMPEG] - nal_unit_type: 39(SEI_PREFIX), nuh_layer_id: 0, temporal_id: 0
May 18, 2024 06:16:56.499 [140663084809984] DEBUG - [FFMPEG] - Decoding SEI
May 18, 2024 06:16:56.504 [140663084809984] DEBUG - [FFMPEG] - All info found
May 18, 2024 06:16:56.508 [140663084809984] DEBUG - [FFMPEG] - After avformat_find_stream_info() pos: 7376657 bytes read:7427883 seeks:2 frames:35
May 18, 2024 06:16:56.512 [140663084809984] DEBUG - [MI]  *  [mkv hevc/aac] Duration: 1471420ms, 1920x1080 (1.777778) 23.976fps, bitrate=2068kbps, audio channels=2, optimizedForStreaming=0 ("/plexternal/series/1ucraurejSAFhXWdXuLUcm8ALTZ95SZi2/Tensei shitara Slime Datta Ken S03/[Kayoanime]Tensei shitara Slime Datta Ken S03E00.mkv")
May 18, 2024 06:16:56.512 [140663084809984] DEBUG - [MI] Importing 5 media chapters.
May 18, 2024 06:16:56.512 [140663084809984] DEBUG - [MI] Closing input file: "/plexternal/series/1ucraurejSAFhXWdXuLUcm8ALTZ95SZi2/Tensei shitara Slime Datta Ken S03/[Kayoanime]Tensei shitara Slime Datta Ken S03E00.mkv"
May 18, 2024 06:16:56.514 [140663084809984] DEBUG - [JobRunner] Job running: FFMPEG_EXTERNAL_LIBS='/config/Library/Application\ Support/Plex\ Media\ Server/Codecs/ad47460-4673-linux-x86_64/' "/usr/lib/plexmediaserver/Plex Transcoder" -codec:v hevc -y -threads 4 -skip_frame noref -ss 1324 -i "/plexternal/series/1ucraurejSAFhXWdXuLUcm8ALTZ95SZi2/Tensei shitara Slime Datta Ken S03/[Kayoanime]Tensei shitara Slime Datta Ken S03E00.mkv" -vf "[in]fps=0.5,scale=w=320:h=320:force_original_aspect_ratio=increase,showinfo[out]" -vsync passthrough -f image2 "thumb-%05d.jpeg"
May 18, 2024 06:16:56.514 [140663084809984] DEBUG - [JobRunner] In directory: "/tmp/PlexCreditsDetection-43a5fed2-2f6e-47c3-ab2e-5693442c3dee"
May 18, 2024 06:16:56.514 [140663084809984] DEBUG - [JobRunner] Jobs: Starting child process with pid 8476
May 18, 2024 06:17:10.666 [140663084809984] ERROR - BufferingLineReader: failed to read line (error: -1)
May 18, 2024 06:17:10.666 [140663084595968] DEBUG - Jobs: '/usr/lib/plexmediaserver/Plex Transcoder' exit code for process 8476 is 0 (success)
