May 18, 2024 06:16:16.556 [140437776599808] INFO - Plex Media Scanner v1.40.2.8395-c67dce28e - Docker Docker Container (LinuxServer.io) x86_64 - build: linux-x86_64 - GMT 00:00
May 18, 2024 06:16:16.556 [140437776599808] INFO - Linux version: 5.19.5-051905-generic, language: en-US
May 18, 2024 06:16:16.556 [140437776599808] INFO - Processor: 8-core 11th Gen Intel(R) Core(TM) i7-1165G7 @ 2.80GHz
May 18, 2024 06:16:16.557 [140437776599808] INFO - /usr/lib/plexmediaserver/Plex Media Scanner -C -f /plexternal/series/1-6u5mr_kqvgvDxWHl2pClzVOKR3Nq6tS/Dainanaoji/[Kayoanime] Dainanaoji - 02.mkv --log-file-suffix  Credits --creditsTempDataPath /tmp/PlexCreditsDetection-5242fa3d-b439-4b37-a2c9-0c876f1588cd
May 18, 2024 06:16:16.557 [140437777133312] DEBUG - Opening 20 database sessions to library (com.plexapp.plugins.library), SQLite 3.39.4, threadsafe=1
May 18, 2024 06:16:16.635 [140437777133312] DEBUG - [ID -1] Media part analysis: /plexternal/series/1-6u5mr_kqvgvDxWHl2pClzVOKR3Nq6tS/Dainanaoji/[Kayoanime] Dainanaoji - 02.mkv
May 18, 2024 06:16:16.635 [140437777133312] DEBUG - [MI] Opening input file: "/plexternal/series/1-6u5mr_kqvgvDxWHl2pClzVOKR3Nq6tS/Dainanaoji/[Kayoanime] Dainanaoji - 02.mkv"
May 18, 2024 06:16:16.635 [140437777133312] DEBUG - [FFMPEG] - Opening '/plexternal/series/1-6u5mr_kqvgvDxWHl2pClzVOKR3Nq6tS/Dainanaoji/[Kayoanime] Dainanaoji - 02.mkv' for reading
May 18, 2024 06:16:16.635 [140437777133312] DEBUG - [FFMPEG] - Setting default whitelist 'file,crypto,data'
May 18, 2024 06:16:16.636 [140437777133312] DEBUG - [FFMPEG] - Format matroska,webm probed with size=2048 and score=100
May 18, 2024 06:16:16.636 [140437777133312] DEBUG - [FFMPEG] - Unknown entry 0x22B59D at pos. 6794
May 18, 2024 06:16:16.636 [140437777133312] DEBUG - [FFMPEG] - Unknown entry 0x22B59D at pos. 6895
May 18, 2024 06:16:16.636 [140437777133312] DEBUG - [FFMPEG] - Unknown entry 0x22B59D at pos. 6975
May 18, 2024 06:16:16.636 [140437777133312] DEBUG - [FFMPEG] - Unknown entry 0x22B59D at pos. 9248
May 18, 2024 06:16:16.636 [140437777133312] DEBUG - [FFMPEG] - Unknown entry 0x22B59D at pos. 10615
May 18, 2024 06:16:16.639 [140437777133312] DEBUG - [FFMPEG] - Unknown entry 0x437D at pos. 7630885
May 18, 2024 06:16:16.639 [140437777133312] DEBUG - [FFMPEG] - Unknown entry 0x437D at pos. 7630934
May 18, 2024 06:16:16.639 [140437777133312] DEBUG - [FFMPEG] - Unknown entry 0x437D at pos. 7630983
May 18, 2024 06:16:16.639 [140437777133312] DEBUG - [FFMPEG] - Unknown entry 0x437D at pos. 7631032
May 18, 2024 06:16:16.639 [140437777133312] DEBUG - [FFMPEG] - Unknown entry 0x437D at pos. 7631083
May 18, 2024 06:16:16.639 [140437777133312] DEBUG - [FFMPEG] - Unknown entry 0x437D at pos. 7631133
May 18, 2024 06:16:16.640 [140437777133312] DEBUG - [FFMPEG] - st:0 removing common factor 1000000 from timebase
May 18, 2024 06:16:16.640 [140437777133312] DEBUG - [FFMPEG] - st:1 removing common factor 1000000 from timebase
May 18, 2024 06:16:16.640 [140437777133312] DEBUG - [FFMPEG] - st:2 removing common factor 1000000 from timebase
May 18, 2024 06:16:16.640 [140437777133312] DEBUG - [FFMPEG] - st:3 removing common factor 1000000 from timebase
May 18, 2024 06:16:16.640 [140437777133312] DEBUG - [FFMPEG] - st:4 removing common factor 1000000 from timebase
May 18, 2024 06:16:16.646 [140437777133312] DEBUG - [FFMPEG] - Before avformat_find_stream_info() pos: 7631245 bytes read:7665264 seeks:2 nb_streams:25
May 18, 2024 06:16:16.647 [140437777133312] DEBUG - [FFMPEG] - nal_unit_type: 32(VPS), nuh_layer_id: 0, temporal_id: 0
May 18, 2024 06:16:16.647 [140437777133312] DEBUG - [FFMPEG] - Decoding VPS
May 18, 2024 06:16:16.647 [140437777133312] DEBUG - [FFMPEG] - Main 10 profile bitstream
May 18, 2024 06:16:16.647 [140437777133312] DEBUG - [FFMPEG] - nal_unit_type: 33(SPS), nuh_layer_id: 0, temporal_id: 0
May 18, 2024 06:16:16.647 [140437777133312] DEBUG - [FFMPEG] - Decoding SPS
May 18, 2024 06:16:16.647 [140437777133312] DEBUG - [FFMPEG] - Main 10 profile bitstream
May 18, 2024 06:16:16.647 [140437777133312] DEBUG - [FFMPEG] - Decoding VUI
May 18, 2024 06:16:16.647 [140437777133312] DEBUG - [FFMPEG] - nal_unit_type: 34(PPS), nuh_layer_id: 0, temporal_id: 0
May 18, 2024 06:16:16.647 [140437777133312] DEBUG - [FFMPEG] - Decoding PPS
May 18, 2024 06:16:16.647 [140437777133312] DEBUG - [FFMPEG] - nal_unit_type: 39(SEI_PREFIX), nuh_layer_id: 0, temporal_id: 0
May 18, 2024 06:16:16.647 [140437777133312] DEBUG - [FFMPEG] - Decoding SEI
May 18, 2024 06:16:16.652 [140437777133312] DEBUG - [FFMPEG] - All info found
May 18, 2024 06:16:16.656 [140437777133312] DEBUG - [FFMPEG] - After avformat_find_stream_info() pos: 7744138 bytes read:7791345 seeks:2 frames:19
May 18, 2024 06:16:16.660 [140437777133312] DEBUG - [MI]  *  [mkv hevc/aac] Duration: 1430117ms, 1920x1080 (1.777778) 23.976fps, bitrate=2322kbps, audio channels=2, optimizedForStreaming=0 ("/plexternal/series/1-6u5mr_kqvgvDxWHl2pClzVOKR3Nq6tS/Dainanaoji/[Kayoanime] Dainanaoji - 02.mkv")
May 18, 2024 06:16:16.660 [140437777133312] DEBUG - [MI] Importing 6 media chapters.
May 18, 2024 06:16:16.660 [140437777133312] DEBUG - [MI] Closing input file: "/plexternal/series/1-6u5mr_kqvgvDxWHl2pClzVOKR3Nq6tS/Dainanaoji/[Kayoanime] Dainanaoji - 02.mkv"
May 18, 2024 06:16:16.662 [140437777133312] DEBUG - [JobRunner] Job running: FFMPEG_EXTERNAL_LIBS='/config/Library/Application\ Support/Plex\ Media\ Server/Codecs/ad47460-4673-linux-x86_64/' "/usr/lib/plexmediaserver/Plex Transcoder" -codec:v hevc -y -threads 4 -skip_frame noref -ss 1287 -i "/plexternal/series/1-6u5mr_kqvgvDxWHl2pClzVOKR3Nq6tS/Dainanaoji/[Kayoanime] Dainanaoji - 02.mkv" -vf "[in]fps=0.5,scale=w=320:h=320:force_original_aspect_ratio=increase,showinfo[out]" -vsync passthrough -f image2 "thumb-%05d.jpeg"
May 18, 2024 06:16:16.662 [140437777133312] DEBUG - [JobRunner] In directory: "/tmp/PlexCreditsDetection-5242fa3d-b439-4b37-a2c9-0c876f1588cd"
May 18, 2024 06:16:16.662 [140437777133312] DEBUG - [JobRunner] Jobs: Starting child process with pid 8341
May 18, 2024 06:16:27.670 [140437777133312] ERROR - BufferingLineReader: failed to read line (error: -1)
May 18, 2024 06:16:27.670 [140437776919296] DEBUG - Jobs: '/usr/lib/plexmediaserver/Plex Transcoder' exit code for process 8341 is 0 (success)
