May 18, 2024 06:20:32.840 [139989360335616] INFO - Plex Media Scanner v1.40.2.8395-c67dce28e - Docker Docker Container (LinuxServer.io) x86_64 - build: linux-x86_64 - GMT 00:00
May 18, 2024 06:20:32.840 [139989360335616] INFO - Linux version: 5.19.5-051905-generic, language: en-US
May 18, 2024 06:20:32.840 [139989360335616] INFO - Processor: 8-core 11th Gen Intel(R) Core(TM) i7-1165G7 @ 2.80GHz
May 18, 2024 06:20:32.840 [139989360335616] INFO - /usr/lib/plexmediaserver/Plex Media Scanner --analyze --log-file-suffix  Analysis --no-thumbs --item 7712
May 18, 2024 06:20:32.841 [139989360860928] DEBUG - Opening 20 database sessions to library (com.plexapp.plugins.library), SQLite 3.39.4, threadsafe=1
May 18, 2024 06:20:32.895 [139989360860928] DEBUG - Analyzing media parts for item 7712 (Monkey Man): 8398
May 18, 2024 06:20:32.896 [139989360860928] DEBUG - [ID 9155] Media part analysis: /plexternal/Movies/Monkey.Man.2024.2160p.4K.WEB.x265.10bit.AAC5.1-[YTS.MX].mkv
May 18, 2024 06:20:32.896 [139989360860928] DEBUG - [MI] Opening input file: "/plexternal/Movies/Monkey.Man.2024.2160p.4K.WEB.x265.10bit.AAC5.1-[YTS.MX].mkv"
May 18, 2024 06:20:32.896 [139989360860928] DEBUG - [FFMPEG] - Opening '/plexternal/Movies/Monkey.Man.2024.2160p.4K.WEB.x265.10bit.AAC5.1-[YTS.MX].mkv' for reading
May 18, 2024 06:20:32.896 [139989360860928] DEBUG - [FFMPEG] - Setting default whitelist 'file,crypto,data'
May 18, 2024 06:20:32.896 [139989360860928] DEBUG - [FFMPEG] - Format matroska,webm probed with size=2048 and score=100
May 18, 2024 06:20:32.896 [139989360860928] DEBUG - [FFMPEG] - st:0 removing common factor 1000000 from timebase
May 18, 2024 06:20:32.896 [139989360860928] DEBUG - [FFMPEG] - st:1 removing common factor 1000000 from timebase
May 18, 2024 06:20:32.896 [139989360860928] DEBUG - [FFMPEG] - st:2 removing common factor 1000000 from timebase
May 18, 2024 06:20:32.896 [139989360860928] DEBUG - [FFMPEG] - st:3 removing common factor 1000000 from timebase
May 18, 2024 06:20:32.896 [139989360860928] DEBUG - [FFMPEG] - Before avformat_find_stream_info() pos: 3469 bytes read:32768 seeks:0 nb_streams:4
May 18, 2024 06:20:32.897 [139989360860928] DEBUG - [FFMPEG] - nal_unit_type: 32(VPS), nuh_layer_id: 0, temporal_id: 0
May 18, 2024 06:20:32.897 [139989360860928] DEBUG - [FFMPEG] - Decoding VPS
May 18, 2024 06:20:32.897 [139989360860928] DEBUG - [FFMPEG] - Main 10 profile bitstream
May 18, 2024 06:20:32.897 [139989360860928] DEBUG - [FFMPEG] - nal_unit_type: 33(SPS), nuh_layer_id: 0, temporal_id: 0
May 18, 2024 06:20:32.897 [139989360860928] DEBUG - [FFMPEG] - Decoding SPS
May 18, 2024 06:20:32.897 [139989360860928] DEBUG - [FFMPEG] - Main 10 profile bitstream
May 18, 2024 06:20:32.897 [139989360860928] DEBUG - [FFMPEG] - Decoding VUI
May 18, 2024 06:20:32.897 [139989360860928] DEBUG - [FFMPEG] - nal_unit_type: 34(PPS), nuh_layer_id: 0, temporal_id: 0
May 18, 2024 06:20:32.897 [139989360860928] DEBUG - [FFMPEG] - Decoding PPS
May 18, 2024 06:20:32.897 [139989360860928] DEBUG - [FFMPEG] - nal_unit_type: 39(SEI_PREFIX), nuh_layer_id: 0, temporal_id: 0
May 18, 2024 06:20:32.897 [139989360860928] DEBUG - [FFMPEG] - Decoding SEI
May 18, 2024 06:20:32.898 [139989360860928] DEBUG - [FFMPEG] - All info found
May 18, 2024 06:20:32.899 [139989360860928] DEBUG - [FFMPEG] - After avformat_find_stream_info() pos: 7429 bytes read:32768 seeks:0 frames:5
May 18, 2024 06:20:32.902 [139989360860928] DEBUG - [MI]  * 45c425f7f2257d9d98b16c1c192af6cd04de066b [mkv hevc/aac] Duration: 7295819ms, 3840x1600 (2.400000) 23.976fps, bitrate=6388kbps, audio channels=6, optimizedForStreaming=0 ("/plexternal/Movies/Monkey.Man.2024.2160p.4K.WEB.x265.10bit.AAC5.1-[YTS.MX].mkv")
May 18, 2024 06:20:32.902 [139989360860928] DEBUG - [MI] Chapters had generic titles, clearing.
May 18, 2024 06:20:32.902 [139989360860928] DEBUG - [MI] Closing input file: "/plexternal/Movies/Monkey.Man.2024.2160p.4K.WEB.x265.10bit.AAC5.1-[YTS.MX].mkv"
May 18, 2024 06:20:32.943 [139989360860928] DEBUG - Committing media stream changes for part 9155
May 18, 2024 06:20:32.944 [139989360860928] DEBUG - Updating media item 8398, size=5825821742, metadata_item_id=7712
May 18, 2024 06:20:32.944 [139989360860928] DEBUG - Updating part with ID=9155 [/plexternal/Movies/Monkey.Man.2024.2160p.4K.WEB.x265.10bit.AAC5.1-[YTS.MX].mkv]
May 18, 2024 06:20:32.944 [139989339368192] DEBUG - [HCl#1] HTTP requesting GET http://127.0.0.1:32400/:/metadata/notify/changeItemState?librarySectionID=1&metadataItemID=7712&metadataType=1&state=-1&parentID=-1&rootID=-1&mediaState=analyzing
May 18, 2024 06:20:32.945 [139989338843904] DEBUG - [HttpClient/HCl#1] HTTP/1.1 (0.0s) 200 response from GET http://127.0.0.1:32400/:/metadata/notify/changeItemState?librarySectionID=1&metadataItemID=7712&metadataType=1&state=-1&parentID=-1&rootID=-1&mediaState=analyzing
May 18, 2024 06:20:32.945 [139989339368192] DEBUG - [HCl#2] HTTP requesting GET http://127.0.0.1:32400/:/metadata/notify/changeItemState?librarySectionID=1&metadataItemID=7712&metadataType=1&state=-1&parentID=-1&rootID=-1&mediaState=idle
May 18, 2024 06:20:32.945 [139989338843904] DEBUG - [HttpClient/HCl#2] HTTP/1.1 (0.0s) 200 response from GET http://127.0.0.1:32400/:/metadata/notify/changeItemState?librarySectionID=1&metadataItemID=7712&metadataType=1&state=-1&parentID=-1&rootID=-1&mediaState=idle (reused)
May 18, 2024 06:20:32.949 [139989360860928] DEBUG - Downloading document http://127.0.0.1:32400/library/changestamp
May 18, 2024 06:20:32.949 [139989360860928] DEBUG - [HCl#3] HTTP requesting GET http://127.0.0.1:32400/library/changestamp
May 18, 2024 06:20:32.950 [139989338843904] DEBUG - [HttpClient/HCl#3] HTTP/1.1 (0.0s) 200 response from GET http://127.0.0.1:32400/library/changestamp (reused)
May 18, 2024 06:20:32.950 [139989360860928] DEBUG - Updating metadata item (save) (Monkey Man) with ID 7712
