May 18, 2024 06:12:32.900 [139716871199544] INFO - Plex Media Server v1.40.2.8395-c67dce28e - Docker Docker Container (LinuxServer.io) x86_64 - build: linux-x86_64 debian - GMT 00:00
May 18, 2024 06:12:32.900 [139716871199544] INFO - Linux version: 5.19.5-051905-generic, language: en-US
May 18, 2024 06:12:32.900 [139716871199544] INFO - Processor: 8-core 11th Gen Intel(R) Core(TM) i7-1165G7 @ 2.80GHz
May 18, 2024 06:12:32.900 [139716871199544] INFO - Compiler is - Clang 11.0.1 (https://plex.tv 9b997da8e5b47bdb4a9425b3a3b290be393b4b1f)
May 18, 2024 06:12:32.900 [139716871199544] INFO - /usr/lib/plexmediaserver/Plex Media Server
May 18, 2024 06:12:32.900 [139716873759376] DEBUG - BPQ: [Idle] -> [Starting]
May 18, 2024 06:12:32.900 [139716873759376] DEBUG - FeatureManager: Using cached data for features list
May 18, 2024 06:12:32.914 [139716873759376] DEBUG - [CERT] Subject name is /CN=*.0db32d1f5db449d185faaa019b27ec17.plex.direct
May 18, 2024 06:12:32.914 [139716873759376] DEBUG - [CERT] Installed certificate with fingerprint 19:c8:32:20:68:00:fa:77:5c:1b:8e:e1:bc:76:9c:b1:67:e1:13:cf.
May 18, 2024 06:12:32.914 [139716873759376] DEBUG - [CERT/OCSP] Stapling requests will be made to 'http://r3.o.lencr.org/'.
May 18, 2024 06:12:32.914 [139716873759376] INFO - [CERT/OCSP] Successfully retrieved response from cache.
May 18, 2024 06:12:32.914 [139716873759376] DEBUG - HttpServer: Listening on IPv6 as well as IPv4.
May 18, 2024 06:12:32.914 [139716873759376] DEBUG - HttpServer: Listening on port 32400.
May 18, 2024 06:12:32.914 [139716873759376] DEBUG - HttpServer: Listening on port 32401.
May 18, 2024 06:12:32.914 [139716873759376] DEBUG - Running server...
May 18, 2024 06:12:32.914 [139716873759376] DEBUG - Opening 20 database sessions to library (com.plexapp.plugins.library), SQLite 3.39.4, threadsafe=1
May 18, 2024 06:12:32.914 [139716858936120] DEBUG - HttpServer: Set up a thread pool with 2 threads.
May 18, 2024 06:12:32.932 [139716873759376] INFO - Running migrations. (EPG 0)
May 18, 2024 06:12:32.933 [139716873759376] DEBUG - Captured session 0.
May 18, 2024 06:12:32.933 [139716873759376] DEBUG - Captured session 1.
May 18, 2024 06:12:32.933 [139716873759376] DEBUG - Captured session 2.
May 18, 2024 06:12:32.933 [139716873759376] DEBUG - Captured session 3.
May 18, 2024 06:12:32.933 [139716873759376] DEBUG - Captured session 4.
May 18, 2024 06:12:32.933 [139716873759376] DEBUG - Captured session 5.
May 18, 2024 06:12:32.933 [139716873759376] DEBUG - Captured session 6.
May 18, 2024 06:12:32.933 [139716873759376] DEBUG - Captured session 7.
May 18, 2024 06:12:32.933 [139716873759376] DEBUG - Captured session 8.
May 18, 2024 06:12:32.933 [139716873759376] DEBUG - Captured session 9.
May 18, 2024 06:12:32.933 [139716873759376] DEBUG - Captured session 10.
May 18, 2024 06:12:32.933 [139716873759376] DEBUG - Captured session 11.
May 18, 2024 06:12:32.933 [139716873759376] DEBUG - Captured session 12.
May 18, 2024 06:12:32.933 [139716873759376] DEBUG - Captured session 13.
May 18, 2024 06:12:32.933 [139716873759376] DEBUG - Captured session 14.
May 18, 2024 06:12:32.933 [139716873759376] DEBUG - Captured session 15.
May 18, 2024 06:12:32.933 [139716873759376] DEBUG - Captured session 16.
May 18, 2024 06:12:32.933 [139716873759376] DEBUG - Captured session 17.
May 18, 2024 06:12:32.933 [139716873759376] DEBUG - Captured session 18.
May 18, 2024 06:12:32.933 [139716873759376] DEBUG - Captured session 19.
May 18, 2024 06:12:32.936 [139716873759376] ERROR - SQLITE3:0x80000001, 11, database corruption at line 69165 of [a29f994989]
May 18, 2024 06:12:32.936 [139716873759376] ERROR - SQLITE3:0x80000001, 11, statement aborts at 10: [select max(max(metadata_items.changed_at),max(metadata_items.resources_changed_at)) from metadata_items] database disk image is malformed
May 18, 2024 06:12:32.936 [139716873759376] ERROR - Database corruption: sqlite3_statement_backend::loadOne: database disk image is malformed
May 18, 2024 06:12:32.936 [139716873759376] ERROR - Error: Unable to set up server: sqlite3_statement_backend::loadOne: database disk image is malformed (N4soci10soci_errorE)
May 18, 2024 06:12:32.936 [139716873759376] DEBUG - [JobRunner] Job running: /usr/lib/plexmediaserver/CrashUploader --sessionStatus=abnormal --sessionStart=1716012752 --sessionDuration=0 --version=1.40.2.8395-c67dce28e --userId=vsushant97@gmail.com --sentryUrl=https://o17675.ingest.sentry.io/api/1233455/ --sentryKey=xxxxxxxxxxxxxxxxxxxxxxxxxxxxxxxx
May 18, 2024 06:12:32.937 [139716873759376] DEBUG - [JobRunner] Jobs: Starting child process with pid 6499
