May 18, 2024 02:00:30.467 [140330654464768] INFO - Plex Media Scanner v1.40.1.8227-c0dd5a73e - Docker Docker Container (LinuxServer.io) x86_64 - build: linux-x86_64 - GMT 00:00
May 18, 2024 02:00:30.467 [140330654464768] INFO - Linux version: 5.19.5-051905-generic, language: en-US
May 18, 2024 02:00:30.467 [140330654464768] INFO - Processor: 8-core 11th Gen Intel(R) Core(TM) i7-1165G7 @ 2.80GHz
May 18, 2024 02:00:30.467 [140330654464768] INFO - /usr/lib/plexmediaserver/Plex Media Scanner --analyze-deeply --item 7629 --log-file-suffix  Deep Analysis
May 18, 2024 02:00:30.467 [140330654964544] DEBUG - Opening 20 database sessions to library (com.plexapp.plugins.library), SQLite 3.39.4, threadsafe=1
May 18, 2024 02:00:30.521 [140330654964544] DEBUG - [MI] Opening input file: "/plexternal/series/17otGAxWmQZ4KhzY0fKaIZ2M0oqSEQdHX/Kami wa Game ni Ueteiru/Kami wa Game ni Ueteiru - 03.mkv"
May 18, 2024 02:00:30.521 [140330654964544] DEBUG - [FFMPEG] - Opening '/plexternal/series/17otGAxWmQZ4KhzY0fKaIZ2M0oqSEQdHX/Kami wa Game ni Ueteiru/Kami wa Game ni Ueteiru - 03.mkv' for reading
May 18, 2024 02:00:30.521 [140330654964544] DEBUG - [FFMPEG] - Setting default whitelist 'file,crypto,data'
May 18, 2024 02:00:30.522 [140330654964544] DEBUG - [FFMPEG] - Format matroska,webm probed with size=2048 and score=100
May 18, 2024 02:00:30.522 [140330654964544] DEBUG - [FFMPEG] - Unknown entry 0x22B59D at pos. 6794
May 18, 2024 02:00:30.522 [140330654964544] DEBUG - [FFMPEG] - Unknown entry 0x22B59D at pos. 6895
May 18, 2024 02:00:30.522 [140330654964544] DEBUG - [FFMPEG] - Unknown entry 0x22B59D at pos. 6975
May 18, 2024 02:00:30.522 [140330654964544] DEBUG - [FFMPEG] - Unknown entry 0x22B59D at pos. 9210
May 18, 2024 02:00:30.522 [140330654964544] DEBUG - [FFMPEG] - Unknown entry 0x22B59D at pos. 11565
May 18, 2024 02:00:30.532 [140330654964544] DEBUG - [FFMPEG] - Unknown entry 0x437D at pos. 7059515
May 18, 2024 02:00:30.532 [140330654964544] DEBUG - [FFMPEG] - Unknown entry 0x437D at pos. 7059564
May 18, 2024 02:00:30.532 [140330654964544] DEBUG - [FFMPEG] - Unknown entry 0x437D at pos. 7059613
May 18, 2024 02:00:30.532 [140330654964544] DEBUG - [FFMPEG] - Unknown entry 0x437D at pos. 7059662
May 18, 2024 02:00:30.532 [140330654964544] DEBUG - [FFMPEG] - st:0 removing common factor 1000000 from timebase
May 18, 2024 02:00:30.532 [140330654964544] DEBUG - [FFMPEG] - st:1 removing common factor 1000000 from timebase
May 18, 2024 02:00:30.532 [140330654964544] DEBUG - [FFMPEG] - st:2 removing common factor 1000000 from timebase
May 18, 2024 02:00:30.532 [140330654964544] DEBUG - [FFMPEG] - st:3 removing common factor 1000000 from timebase
May 18, 2024 02:00:30.532 [140330654964544] DEBUG - [FFMPEG] - st:4 removing common factor 1000000 from timebase
May 18, 2024 02:00:30.536 [140330654964544] DEBUG - [FFMPEG] - Before avformat_find_stream_info() pos: 7059774 bytes read:7093891 seeks:2 nb_streams:22
May 18, 2024 02:00:30.537 [140330654964544] DEBUG - [FFMPEG] - nal_unit_type: 32(VPS), nuh_layer_id: 0, temporal_id: 0
May 18, 2024 02:00:30.537 [140330654964544] DEBUG - [FFMPEG] - Decoding VPS
May 18, 2024 02:00:30.537 [140330654964544] DEBUG - [FFMPEG] - Main 10 profile bitstream
May 18, 2024 02:00:30.537 [140330654964544] DEBUG - [FFMPEG] - nal_unit_type: 33(SPS), nuh_layer_id: 0, temporal_id: 0
May 18, 2024 02:00:30.537 [140330654964544] DEBUG - [FFMPEG] - Decoding SPS
May 18, 2024 02:00:30.537 [140330654964544] DEBUG - [FFMPEG] - Main 10 profile bitstream
May 18, 2024 02:00:30.537 [140330654964544] DEBUG - [FFMPEG] - Decoding VUI
May 18, 2024 02:00:30.537 [140330654964544] DEBUG - [FFMPEG] - nal_unit_type: 34(PPS), nuh_layer_id: 0, temporal_id: 0
May 18, 2024 02:00:30.537 [140330654964544] DEBUG - [FFMPEG] - Decoding PPS
May 18, 2024 02:00:30.537 [140330654964544] DEBUG - [FFMPEG] - nal_unit_type: 39(SEI_PREFIX), nuh_layer_id: 0, temporal_id: 0
May 18, 2024 02:00:30.537 [140330654964544] DEBUG - [FFMPEG] - Decoding SEI
May 18, 2024 02:00:30.540 [140330654964544] DEBUG - [FFMPEG] - All info found
May 18, 2024 02:00:30.542 [140330654964544] DEBUG - [FFMPEG] - After avformat_find_stream_info() pos: 7186866 bytes read:7235195 seeks:2 frames:35
May 18, 2024 02:00:30.574 [140330654964544] DEBUG - Deep Analysis: Read 10000 packets at 90.649000
May 18, 2024 02:00:30.644 [140330654964544] DEBUG - Deep Analysis: Read 20000 packets at 181.278000
May 18, 2024 02:00:30.660 [140330654964544] DEBUG - Deep Analysis: Read 30000 packets at 271.904000
May 18, 2024 02:00:30.678 [140330654964544] DEBUG - Deep Analysis: Read 40000 packets at 362.486000
May 18, 2024 02:00:30.697 [140330654964544] DEBUG - Deep Analysis: Read 50000 packets at 452.869000
May 18, 2024 02:00:30.724 [140330654964544] DEBUG - Deep Analysis: Read 60000 packets at 543.578000
May 18, 2024 02:00:30.747 [140330654964544] DEBUG - Deep Analysis: Read 70000 packets at 634.183000
May 18, 2024 02:00:30.773 [140330654964544] DEBUG - Deep Analysis: Read 80000 packets at 724.265000
May 18, 2024 02:00:30.795 [140330654964544] DEBUG - Deep Analysis: Read 90000 packets at 815.344000
May 18, 2024 02:00:30.824 [140330654964544] DEBUG - Deep Analysis: Read 100000 packets at 905.903000
May 18, 2024 02:00:30.847 [140330654964544] DEBUG - Deep Analysis: Read 110000 packets at 996.530000
May 18, 2024 02:00:30.873 [140330654964544] DEBUG - Deep Analysis: Read 120000 packets at 1086.919000
May 18, 2024 02:00:30.894 [140330654964544] DEBUG - Deep Analysis: Read 130000 packets at 1177.646000
May 18, 2024 02:00:30.913 [140330654964544] DEBUG - Deep Analysis: Read 140000 packets at 1268.319000
May 18, 2024 02:00:30.974 [140330654964544] DEBUG - Deep Analysis: Read 150000 packets at 1358.969000
May 18, 2024 02:00:30.989 [140330654964544] DEBUG - Deep Analysis: Sorting packets
May 18, 2024 02:00:30.994 [140330654964544] DEBUG - Deep Analysis: Performing file bitrate analysis
May 18, 2024 02:00:31.014 [140330654964544] DEBUG - Deep Analysis: Performing stream bitrate analysis on stream 0
May 18, 2024 02:00:31.019 [140330654964544] DEBUG - Deep Analysis: Performing stream bitrate analysis on stream 1
May 18, 2024 02:00:31.021 [140330654964544] DEBUG - Deep Analysis: Performing stream bitrate analysis on stream 2
May 18, 2024 02:00:31.023 [140330654964544] DEBUG - Deep Analysis: Performing stream bitrate analysis on stream 3
May 18, 2024 02:00:31.023 [140330654964544] DEBUG - Deep Analysis: Performing stream bitrate analysis on stream 4
May 18, 2024 02:00:31.023 [140330654964544] DEBUG - Deep Analysis: Performing stream bitrate analysis on stream 5
May 18, 2024 02:00:31.023 [140330654964544] DEBUG - Deep Analysis: Performing stream bitrate analysis on stream 6
May 18, 2024 02:00:31.023 [140330654964544] DEBUG - Deep Analysis: Performing stream bitrate analysis on stream 7
May 18, 2024 02:00:31.023 [140330654964544] DEBUG - Deep Analysis: Performing stream bitrate analysis on stream 8
May 18, 2024 02:00:31.023 [140330654964544] DEBUG - Deep Analysis: Performing stream bitrate analysis on stream 9
May 18, 2024 02:00:31.023 [140330654964544] DEBUG - Deep Analysis: Performing stream bitrate analysis on stream 10
May 18, 2024 02:00:31.023 [140330654964544] DEBUG - Deep Analysis: Performing stream bitrate analysis on stream 11
May 18, 2024 02:00:31.023 [140330654964544] DEBUG - Deep Analysis: Performing stream bitrate analysis on stream 12
May 18, 2024 02:00:31.023 [140330654964544] DEBUG - Deep Analysis: Performing stream bitrate analysis on stream 13
May 18, 2024 02:00:31.023 [140330654964544] DEBUG - Deep Analysis: Performing stream bitrate analysis on stream 14
May 18, 2024 02:00:31.023 [140330654964544] DEBUG - Deep Analysis: Performing stream bitrate analysis on stream 15
May 18, 2024 02:00:31.023 [140330654964544] DEBUG - Deep Analysis: Performing stream bitrate analysis on stream 16
May 18, 2024 02:00:31.023 [140330654964544] DEBUG - Deep Analysis: Performing stream bitrate analysis on stream 17
May 18, 2024 02:00:31.023 [140330654964544] DEBUG - Deep Analysis: Performing stream bitrate analysis on stream 18
May 18, 2024 02:00:31.024 [140330654964544] DEBUG - Deep Analysis: Performing stream bitrate analysis on stream 19
May 18, 2024 02:00:31.024 [140330654964544] DEBUG - Deep Analysis: Performing stream bitrate analysis on stream 20
May 18, 2024 02:00:31.024 [140330654964544] DEBUG - Deep Analysis: Performing stream bitrate analysis on stream 21
May 18, 2024 02:00:31.024 [140330654964544] DEBUG - Deep Analysis: Saving GoP analysis for stream 0
May 18, 2024 02:00:31.026 [140330654964544] DEBUG - Deep Analysis: Saving bitrate analysis
May 18, 2024 02:00:31.026 [140330654964544] DEBUG - Updating part with ID=8671 [/plexternal/series/17otGAxWmQZ4KhzY0fKaIZ2M0oqSEQdHX/Kami wa Game ni Ueteiru/Kami wa Game ni Ueteiru - 03.mkv]
May 18, 2024 02:00:31.027 [140330654964544] DEBUG - [MI] Closing input file: "/plexternal/series/17otGAxWmQZ4KhzY0fKaIZ2M0oqSEQdHX/Kami wa Game ni Ueteiru/Kami wa Game ni Ueteiru - 03.mkv"
May 18, 2024 02:00:31.028 [140330654964544] DEBUG - Updating media item 8318, size=283322849, metadata_item_id=7629
May 18, 2024 02:00:31.028 [140330654964544] DEBUG - Updating part with ID=8671 [/plexternal/series/17otGAxWmQZ4KhzY0fKaIZ2M0oqSEQdHX/Kami wa Game ni Ueteiru/Kami wa Game ni Ueteiru - 03.mkv]
May 18, 2024 02:00:31.028 [140330654964544] DEBUG - Updating media item 8624, size=283322849, metadata_item_id=7629
May 18, 2024 02:00:31.028 [140330654964544] DEBUG - Updating part with ID=8981 [/plexternal/series/1vLyVsL6Hokhin_6Bme_DncS_Hi1tG_1i/[Ripcrabbyanime] Gods’ Game We Play Dual Audio/Kami wa Game ni Ueteiru - 03.mkv]
