May 18, 2024 02:00:32.297 [140470750771968] INFO - Plex Media Scanner v1.40.1.8227-c0dd5a73e - Docker Docker Container (LinuxServer.io) x86_64 - build: linux-x86_64 - GMT 00:00
May 18, 2024 02:00:32.298 [140470750771968] INFO - Linux version: 5.19.5-051905-generic, language: en-US
May 18, 2024 02:00:32.298 [140470750771968] INFO - Processor: 8-core 11th Gen Intel(R) Core(TM) i7-1165G7 @ 2.80GHz
May 18, 2024 02:00:32.298 [140470750771968] INFO - /usr/lib/plexmediaserver/Plex Media Scanner --analyze-deeply --item 7679 --log-file-suffix  Deep Analysis
May 18, 2024 02:00:32.298 [140470751271744] DEBUG - Opening 20 database sessions to library (com.plexapp.plugins.library), SQLite 3.39.4, threadsafe=1
May 18, 2024 02:00:32.352 [140470751271744] DEBUG - [MI] Opening input file: "/plexternal/series/17otGAxWmQZ4KhzY0fKaIZ2M0oqSEQdHX/Kami wa Game ni Ueteiru/Kami wa Game ni Ueteiru - 05.mkv"
May 18, 2024 02:00:32.352 [140470751271744] DEBUG - [FFMPEG] - Opening '/plexternal/series/17otGAxWmQZ4KhzY0fKaIZ2M0oqSEQdHX/Kami wa Game ni Ueteiru/Kami wa Game ni Ueteiru - 05.mkv' for reading
May 18, 2024 02:00:32.352 [140470751271744] DEBUG - [FFMPEG] - Setting default whitelist 'file,crypto,data'
May 18, 2024 02:00:32.352 [140470751271744] DEBUG - [FFMPEG] - Format matroska,webm probed with size=2048 and score=100
May 18, 2024 02:00:32.352 [140470751271744] DEBUG - [FFMPEG] - Unknown entry 0x22B59D at pos. 6794
May 18, 2024 02:00:32.352 [140470751271744] DEBUG - [FFMPEG] - Unknown entry 0x22B59D at pos. 6895
May 18, 2024 02:00:32.352 [140470751271744] DEBUG - [FFMPEG] - Unknown entry 0x22B59D at pos. 6975
May 18, 2024 02:00:32.352 [140470751271744] DEBUG - [FFMPEG] - Unknown entry 0x22B59D at pos. 9210
May 18, 2024 02:00:32.352 [140470751271744] DEBUG - [FFMPEG] - Unknown entry 0x22B59D at pos. 11565
May 18, 2024 02:00:32.362 [140470751271744] DEBUG - [FFMPEG] - Unknown entry 0x437D at pos. 7059515
May 18, 2024 02:00:32.362 [140470751271744] DEBUG - [FFMPEG] - Unknown entry 0x437D at pos. 7059564
May 18, 2024 02:00:32.362 [140470751271744] DEBUG - [FFMPEG] - Unknown entry 0x437D at pos. 7059613
May 18, 2024 02:00:32.362 [140470751271744] DEBUG - [FFMPEG] - Unknown entry 0x437D at pos. 7059662
May 18, 2024 02:00:32.362 [140470751271744] DEBUG - [FFMPEG] - st:0 removing common factor 1000000 from timebase
May 18, 2024 02:00:32.362 [140470751271744] DEBUG - [FFMPEG] - st:1 removing common factor 1000000 from timebase
May 18, 2024 02:00:32.362 [140470751271744] DEBUG - [FFMPEG] - st:2 removing common factor 1000000 from timebase
May 18, 2024 02:00:32.362 [140470751271744] DEBUG - [FFMPEG] - st:3 removing common factor 1000000 from timebase
May 18, 2024 02:00:32.362 [140470751271744] DEBUG - [FFMPEG] - st:4 removing common factor 1000000 from timebase
May 18, 2024 02:00:32.366 [140470751271744] DEBUG - [FFMPEG] - Before avformat_find_stream_info() pos: 7059774 bytes read:7093894 seeks:2 nb_streams:22
May 18, 2024 02:00:32.366 [140470751271744] DEBUG - [FFMPEG] - nal_unit_type: 32(VPS), nuh_layer_id: 0, temporal_id: 0
May 18, 2024 02:00:32.366 [140470751271744] DEBUG - [FFMPEG] - Decoding VPS
May 18, 2024 02:00:32.366 [140470751271744] DEBUG - [FFMPEG] - Main 10 profile bitstream
May 18, 2024 02:00:32.366 [140470751271744] DEBUG - [FFMPEG] - nal_unit_type: 33(SPS), nuh_layer_id: 0, temporal_id: 0
May 18, 2024 02:00:32.366 [140470751271744] DEBUG - [FFMPEG] - Decoding SPS
May 18, 2024 02:00:32.366 [140470751271744] DEBUG - [FFMPEG] - Main 10 profile bitstream
May 18, 2024 02:00:32.366 [140470751271744] DEBUG - [FFMPEG] - Decoding VUI
May 18, 2024 02:00:32.366 [140470751271744] DEBUG - [FFMPEG] - nal_unit_type: 34(PPS), nuh_layer_id: 0, temporal_id: 0
May 18, 2024 02:00:32.367 [140470751271744] DEBUG - [FFMPEG] - Decoding PPS
May 18, 2024 02:00:32.367 [140470751271744] DEBUG - [FFMPEG] - nal_unit_type: 39(SEI_PREFIX), nuh_layer_id: 0, temporal_id: 0
May 18, 2024 02:00:32.367 [140470751271744] DEBUG - [FFMPEG] - Decoding SEI
May 18, 2024 02:00:32.371 [140470751271744] DEBUG - [FFMPEG] - All info found
May 18, 2024 02:00:32.373 [140470751271744] DEBUG - [FFMPEG] - After avformat_find_stream_info() pos: 7254318 bytes read:7315786 seeks:2 frames:35
May 18, 2024 02:00:32.415 [140470751271744] DEBUG - Deep Analysis: Read 10000 packets at 90.507000
May 18, 2024 02:00:32.494 [140470751271744] DEBUG - Deep Analysis: Read 20000 packets at 181.532000
May 18, 2024 02:00:32.512 [140470751271744] DEBUG - Deep Analysis: Read 30000 packets at 272.043000
May 18, 2024 02:00:32.530 [140470751271744] DEBUG - Deep Analysis: Read 40000 packets at 362.624000
May 18, 2024 02:00:32.554 [140470751271744] DEBUG - Deep Analysis: Read 50000 packets at 453.114000
May 18, 2024 02:00:32.577 [140470751271744] DEBUG - Deep Analysis: Read 60000 packets at 543.602000
May 18, 2024 02:00:32.602 [140470751271744] DEBUG - Deep Analysis: Read 70000 packets at 634.229000
May 18, 2024 02:00:32.622 [140470751271744] DEBUG - Deep Analysis: Read 80000 packets at 724.856000
May 18, 2024 02:00:32.637 [140470751271744] DEBUG - Deep Analysis: Read 90000 packets at 815.530000
May 18, 2024 02:00:32.651 [140470751271744] DEBUG - Deep Analysis: Read 100000 packets at 906.134000
May 18, 2024 02:00:32.696 [140470751271744] DEBUG - Deep Analysis: Read 110000 packets at 996.738000
May 18, 2024 02:00:32.729 [140470751271744] DEBUG - Deep Analysis: Read 120000 packets at 1087.297000
May 18, 2024 02:00:32.748 [140470751271744] DEBUG - Deep Analysis: Read 130000 packets at 1177.900000
May 18, 2024 02:00:32.766 [140470751271744] DEBUG - Deep Analysis: Read 140000 packets at 1268.552000
May 18, 2024 02:00:32.789 [140470751271744] DEBUG - Deep Analysis: Read 150000 packets at 1359.340000
May 18, 2024 02:00:32.804 [140470751271744] DEBUG - Deep Analysis: Sorting packets
May 18, 2024 02:00:32.808 [140470751271744] DEBUG - Deep Analysis: Performing file bitrate analysis
May 18, 2024 02:00:32.826 [140470751271744] DEBUG - Deep Analysis: Performing stream bitrate analysis on stream 0
May 18, 2024 02:00:32.831 [140470751271744] DEBUG - Deep Analysis: Performing stream bitrate analysis on stream 1
May 18, 2024 02:00:32.833 [140470751271744] DEBUG - Deep Analysis: Performing stream bitrate analysis on stream 2
May 18, 2024 02:00:32.835 [140470751271744] DEBUG - Deep Analysis: Performing stream bitrate analysis on stream 3
May 18, 2024 02:00:32.835 [140470751271744] DEBUG - Deep Analysis: Performing stream bitrate analysis on stream 4
May 18, 2024 02:00:32.835 [140470751271744] DEBUG - Deep Analysis: Performing stream bitrate analysis on stream 5
May 18, 2024 02:00:32.835 [140470751271744] DEBUG - Deep Analysis: Performing stream bitrate analysis on stream 6
May 18, 2024 02:00:32.835 [140470751271744] DEBUG - Deep Analysis: Performing stream bitrate analysis on stream 7
May 18, 2024 02:00:32.835 [140470751271744] DEBUG - Deep Analysis: Performing stream bitrate analysis on stream 8
May 18, 2024 02:00:32.835 [140470751271744] DEBUG - Deep Analysis: Performing stream bitrate analysis on stream 9
May 18, 2024 02:00:32.835 [140470751271744] DEBUG - Deep Analysis: Performing stream bitrate analysis on stream 10
May 18, 2024 02:00:32.835 [140470751271744] DEBUG - Deep Analysis: Performing stream bitrate analysis on stream 11
May 18, 2024 02:00:32.835 [140470751271744] DEBUG - Deep Analysis: Performing stream bitrate analysis on stream 12
May 18, 2024 02:00:32.835 [140470751271744] DEBUG - Deep Analysis: Performing stream bitrate analysis on stream 13
May 18, 2024 02:00:32.835 [140470751271744] DEBUG - Deep Analysis: Performing stream bitrate analysis on stream 14
May 18, 2024 02:00:32.835 [140470751271744] DEBUG - Deep Analysis: Performing stream bitrate analysis on stream 15
May 18, 2024 02:00:32.835 [140470751271744] DEBUG - Deep Analysis: Performing stream bitrate analysis on stream 16
May 18, 2024 02:00:32.835 [140470751271744] DEBUG - Deep Analysis: Performing stream bitrate analysis on stream 17
May 18, 2024 02:00:32.836 [140470751271744] DEBUG - Deep Analysis: Performing stream bitrate analysis on stream 18
May 18, 2024 02:00:32.836 [140470751271744] DEBUG - Deep Analysis: Performing stream bitrate analysis on stream 19
May 18, 2024 02:00:32.836 [140470751271744] DEBUG - Deep Analysis: Performing stream bitrate analysis on stream 20
May 18, 2024 02:00:32.836 [140470751271744] DEBUG - Deep Analysis: Performing stream bitrate analysis on stream 21
May 18, 2024 02:00:32.836 [140470751271744] DEBUG - Deep Analysis: Saving GoP analysis for stream 0
May 18, 2024 02:00:32.836 [140470751271744] DEBUG - Deep Analysis: Saving bitrate analysis
May 18, 2024 02:00:32.837 [140470751271744] DEBUG - Updating part with ID=8722 [/plexternal/series/17otGAxWmQZ4KhzY0fKaIZ2M0oqSEQdHX/Kami wa Game ni Ueteiru/Kami wa Game ni Ueteiru - 05.mkv]
May 18, 2024 02:00:32.837 [140470751271744] DEBUG - [MI] Closing input file: "/plexternal/series/17otGAxWmQZ4KhzY0fKaIZ2M0oqSEQdHX/Kami wa Game ni Ueteiru/Kami wa Game ni Ueteiru - 05.mkv"
May 18, 2024 02:00:32.838 [140470751271744] DEBUG - Updating media item 8369, size=272392653, metadata_item_id=7679
May 18, 2024 02:00:32.839 [140470751271744] DEBUG - Updating part with ID=8722 [/plexternal/series/17otGAxWmQZ4KhzY0fKaIZ2M0oqSEQdHX/Kami wa Game ni Ueteiru/Kami wa Game ni Ueteiru - 05.mkv]
May 18, 2024 02:00:32.839 [140470751271744] DEBUG - Updating media item 8626, size=272392653, metadata_item_id=7679
May 18, 2024 02:00:32.839 [140470751271744] DEBUG - Updating part with ID=8983 [/plexternal/series/1vLyVsL6Hokhin_6Bme_DncS_Hi1tG_1i/[Ripcrabbyanime] Gods’ Game We Play Dual Audio/Kami wa Game ni Ueteiru - 05.mkv]
