May 18, 2024 06:20:33.767 [140655088089856] INFO - Plex Media Scanner v1.40.2.8395-c67dce28e - Docker Docker Container (LinuxServer.io) x86_64 - build: linux-x86_64 - GMT 00:00
May 18, 2024 06:20:33.767 [140655088089856] INFO - Linux version: 5.19.5-051905-generic, language: en-US
May 18, 2024 06:20:33.767 [140655088089856] INFO - Processor: 8-core 11th Gen Intel(R) Core(TM) i7-1165G7 @ 2.80GHz
May 18, 2024 06:20:33.767 [140655088089856] INFO - /usr/lib/plexmediaserver/Plex Media Scanner --analyze --log-file-suffix  Analysis --no-thumbs --item 7713
May 18, 2024 06:20:33.768 [140655088615168] DEBUG - Opening 20 database sessions to library (com.plexapp.plugins.library), SQLite 3.39.4, threadsafe=1
May 18, 2024 06:20:33.825 [140655088615168] DEBUG - Analyzing media parts for item 7713 (Expend4bles): 8399
May 18, 2024 06:20:33.826 [140655088615168] DEBUG - [ID 9207] Media part analysis: /plexternal/Movies/The.Expendables.4.2023.1080p.AMZN.WEB-DL.DDP5.1.H.264-ST4LLONE[TGx]/The.Expendables.4.2023.1080p.AMZN.WEB-DL.DDP5.1.H.264-ST4LLONE.mkv
May 18, 2024 06:20:33.826 [140655088615168] DEBUG - [MI] Opening input file: "/plexternal/Movies/The.Expendables.4.2023.1080p.AMZN.WEB-DL.DDP5.1.H.264-ST4LLONE[TGx]/The.Expendables.4.2023.1080p.AMZN.WEB-DL.DDP5.1.H.264-ST4LLONE.mkv"
May 18, 2024 06:20:33.826 [140655088615168] DEBUG - [FFMPEG] - Opening '/plexternal/Movies/The.Expendables.4.2023.1080p.AMZN.WEB-DL.DDP5.1.H.264-ST4LLONE[TGx]/The.Expendables.4.2023.1080p.AMZN.WEB-DL.DDP5.1.H.264-ST4LLONE.mkv' for reading
May 18, 2024 06:20:33.826 [140655088615168] DEBUG - [FFMPEG] - Setting default whitelist 'file,crypto,data'
May 18, 2024 06:20:33.826 [140655088615168] DEBUG - [FFMPEG] - Format matroska,webm probed with size=2048 and score=100
May 18, 2024 06:20:33.826 [140655088615168] DEBUG - [FFMPEG] - Unknown entry 0x22B59D at pos. 4383
May 18, 2024 06:20:33.826 [140655088615168] DEBUG - [FFMPEG] - Unknown entry 0x22B59D at pos. 4455
May 18, 2024 06:20:33.826 [140655088615168] DEBUG - [FFMPEG] - Unknown entry 0x22B59D at pos. 4522
May 18, 2024 06:20:33.826 [140655088615168] DEBUG - [FFMPEG] - Unknown entry 0x22B59D at pos. 4586
May 18, 2024 06:20:33.826 [140655088615168] DEBUG - [FFMPEG] - Unknown entry 0x22B59D at pos. 4641
May 18, 2024 06:20:33.826 [140655088615168] DEBUG - [FFMPEG] - Unknown entry 0x22B59D at pos. 4709
May 18, 2024 06:20:33.826 [140655088615168] DEBUG - [FFMPEG] - st:0 removing common factor 1000000 from timebase
May 18, 2024 06:20:33.826 [140655088615168] DEBUG - [FFMPEG] - st:1 removing common factor 1000000 from timebase
May 18, 2024 06:20:33.826 [140655088615168] DEBUG - [FFMPEG] - st:2 removing common factor 1000000 from timebase
May 18, 2024 06:20:33.826 [140655088615168] DEBUG - [FFMPEG] - st:3 removing common factor 1000000 from timebase
May 18, 2024 06:20:33.826 [140655088615168] DEBUG - [FFMPEG] - st:4 removing common factor 1000000 from timebase
May 18, 2024 06:20:33.826 [140655088615168] DEBUG - [FFMPEG] - st:5 removing common factor 1000000 from timebase
May 18, 2024 06:20:33.826 [140655088615168] DEBUG - [FFMPEG] - Before avformat_find_stream_info() pos: 6042 bytes read:34386 seeks:2 nb_streams:6
May 18, 2024 06:20:33.828 [140655088615168] DEBUG - [FFMPEG] - nal_unit_type: 7(SPS), nal_ref_idc: 3
May 18, 2024 06:20:33.828 [140655088615168] DEBUG - [FFMPEG] - nal_unit_type: 8(PPS), nal_ref_idc: 3
May 18, 2024 06:20:33.829 [140655088615168] DEBUG - [FFMPEG] - nal_unit_type: 7(SPS), nal_ref_idc: 3
May 18, 2024 06:20:33.829 [140655088615168] DEBUG - [FFMPEG] - nal_unit_type: 8(PPS), nal_ref_idc: 3
May 18, 2024 06:20:33.829 [140655088615168] DEBUG - [FFMPEG] - nal_unit_type: 5(IDR), nal_ref_idc: 3
May 18, 2024 06:20:33.829 [140655088615168] DEBUG - [FFMPEG] - Format yuv420p chosen by get_format().
May 18, 2024 06:20:33.831 [140655088615168] DEBUG - [FFMPEG] - no picture 
May 18, 2024 06:20:33.832 [140655088615168] DEBUG - [FFMPEG] - nal_unit_type: 1(Coded slice of a non-IDR picture), nal_ref_idc: 2
May 18, 2024 06:20:33.833 [140655088615168] DEBUG - [FFMPEG] - no picture 
May 18, 2024 06:20:33.833 [140655088615168] DEBUG - [FFMPEG] - nal_unit_type: 1(Coded slice of a non-IDR picture), nal_ref_idc: 2
May 18, 2024 06:20:33.835 [140655088615168] DEBUG - [FFMPEG] - nal_unit_type: 1(Coded slice of a non-IDR picture), nal_ref_idc: 0
May 18, 2024 06:20:33.837 [140655088615168] DEBUG - [FFMPEG] - nal_unit_type: 1(Coded slice of a non-IDR picture), nal_ref_idc: 0
May 18, 2024 06:20:33.838 [140655088615168] DEBUG - [FFMPEG] - nal_unit_type: 1(Coded slice of a non-IDR picture), nal_ref_idc: 2
May 18, 2024 06:20:33.839 [140655088615168] DEBUG - [FFMPEG] - nal_unit_type: 1(Coded slice of a non-IDR picture), nal_ref_idc: 2
May 18, 2024 06:20:33.840 [140655088615168] DEBUG - [FFMPEG] - nal_unit_type: 1(Coded slice of a non-IDR picture), nal_ref_idc: 0
May 18, 2024 06:20:33.841 [140655088615168] DEBUG - [FFMPEG] - nal_unit_type: 1(Coded slice of a non-IDR picture), nal_ref_idc: 0
May 18, 2024 06:20:33.841 [140655088615168] DEBUG - [FFMPEG] - All info found
May 18, 2024 06:20:33.842 [140655088615168] DEBUG - [FFMPEG] - After avformat_find_stream_info() pos: 47914 bytes read:99922 seeks:2 frames:25
May 18, 2024 06:20:33.845 [140655088615168] DEBUG - [MI]  * c5011ec5d85ecf3b748bff8af978e8852ea8de16 [mkv h264/eac3] Duration: 6213791ms, 1920x800 (2.400000) 23.976fps, bitrate=9507kbps, audio channels=6, optimizedForStreaming=0 ("/plexternal/Movies/The.Expendables.4.2023.1080p.AMZN.WEB-DL.DDP5.1.H.264-ST4LLONE[TGx]/The.Expendables.4.2023.1080p.AMZN.WEB-DL.DDP5.1.H.264-ST4LLONE.mkv")
May 18, 2024 06:20:33.845 [140655088615168] DEBUG - [MI] Chapters had generic titles, clearing.
May 18, 2024 06:20:33.846 [140655088615168] DEBUG - [MI] Closing input file: "/plexternal/Movies/The.Expendables.4.2023.1080p.AMZN.WEB-DL.DDP5.1.H.264-ST4LLONE[TGx]/The.Expendables.4.2023.1080p.AMZN.WEB-DL.DDP5.1.H.264-ST4LLONE.mkv"
May 18, 2024 06:20:33.846 [140655088615168] DEBUG - Committing media stream changes for part 9207
May 18, 2024 06:20:33.847 [140655088615168] DEBUG - Updating media item 8399, size=7384383966, metadata_item_id=7713
May 18, 2024 06:20:33.847 [140655088615168] DEBUG - Updating part with ID=9207 [/plexternal/Movies/The.Expendables.4.2023.1080p.AMZN.WEB-DL.DDP5.1.H.264-ST4LLONE[TGx]/The.Expendables.4.2023.1080p.AMZN.WEB-DL.DDP5.1.H.264-ST4LLONE.mkv]
May 18, 2024 06:20:33.847 [140655067351808] DEBUG - [HCl#1] HTTP requesting GET http://127.0.0.1:32400/:/metadata/notify/changeItemState?librarySectionID=1&metadataItemID=7713&metadataType=1&state=-1&parentID=-1&rootID=-1&mediaState=analyzing
May 18, 2024 06:20:33.848 [140655067134720] DEBUG - [HttpClient/HCl#1] HTTP/1.1 (0.0s) 200 response from GET http://127.0.0.1:32400/:/metadata/notify/changeItemState?librarySectionID=1&metadataItemID=7713&metadataType=1&state=-1&parentID=-1&rootID=-1&mediaState=analyzing
May 18, 2024 06:20:33.848 [140655067351808] DEBUG - [HCl#2] HTTP requesting GET http://127.0.0.1:32400/:/metadata/notify/changeItemState?librarySectionID=1&metadataItemID=7713&metadataType=1&state=-1&parentID=-1&rootID=-1&mediaState=idle
May 18, 2024 06:20:33.848 [140655067134720] DEBUG - [HttpClient/HCl#2] HTTP/1.1 (0.0s) 200 response from GET http://127.0.0.1:32400/:/metadata/notify/changeItemState?librarySectionID=1&metadataItemID=7713&metadataType=1&state=-1&parentID=-1&rootID=-1&mediaState=idle (reused)
May 18, 2024 06:20:33.852 [140655088615168] DEBUG - Downloading document http://127.0.0.1:32400/library/changestamp
May 18, 2024 06:20:33.852 [140655088615168] DEBUG - [HCl#3] HTTP requesting GET http://127.0.0.1:32400/library/changestamp
May 18, 2024 06:20:33.853 [140655067134720] DEBUG - [HttpClient/HCl#3] HTTP/1.1 (0.0s) 200 response from GET http://127.0.0.1:32400/library/changestamp (reused)
May 18, 2024 06:20:33.853 [140655088615168] DEBUG - Updating metadata item (save) (Expend4bles) with ID 7713
